TN:
SF:src\src-app.js
FN:5,get styles
FN:15,get properties
FN:22,SrcApp
FN:28,__increment
FN:32,render
FNF:5
FNH:4
FNDA:1,get styles
FNDA:1,get properties
FNDA:1,SrcApp
FNDA:0,__increment
FNDA:1,render
DA:1,1
DA:2,1
DA:3,1
DA:4,1
DA:5,1
DA:6,1
DA:7,1
DA:8,1
DA:9,1
DA:10,1
DA:11,1
DA:12,1
DA:13,1
DA:14,1
DA:15,1
DA:16,1
DA:17,1
DA:18,1
DA:19,1
DA:20,1
DA:21,1
DA:22,1
DA:23,1
DA:24,1
DA:25,1
DA:26,1
DA:27,1
DA:28,1
DA:29,0
DA:30,0
DA:31,1
DA:32,1
DA:33,1
DA:34,1
DA:35,1
DA:36,1
DA:37,1
DA:38,1
DA:39,1
DA:40,1
LF:40
LH:38
BRDA:1,0,0,1
BRDA:5,1,0,1
BRDA:15,2,0,1
BRDA:22,3,0,1
BRDA:32,4,0,1
BRF:5
BRH:5
end_of_record
